#
# A fatal error has been detected by the Java Runtime Environment:
#
#  SIGSEGV (0xb) at pc=0x000000010804c2b0, pid=14441, tid=17155
#
# JRE version: Java(TM) SE Runtime Environment (8.0_25-b17) (build 1.8.0_25-b17)
# Java VM: Java HotSpot(TM) 64-Bit Server VM (25.25-b02 mixed mode bsd-amd64 compressed oops)
# Problematic frame:
# V  [libjvm.dylib+0x4232b0]
#
# Failed to write core dump. Core dumps have been disabled. To enable core dumping, try "ulimit -c unlimited" before starting Java again
#
# If you would like to submit a bug report, please visit:
#   http://bugreport.sun.com/bugreport/crash.jsp
#

---------------  T H R E A D  ---------------

Current thread (0x00007ff2b5027800):  JavaThread "JDWP Transport Listener: dt_socket" daemon [_thread_in_vm, id=17155, stack(0x00007000032d0000,0x00007000033d0000)]

siginfo: si_signo: 11 (SIGSEGV), si_code: 0 (unknown), si_addr: 0x0000000000000000

Registers:
RAX=0x0000000000000001, RBX=0x00007000033cfa8b, RCX=0x00000001083ffc80, RDX=0x00007000033cfa8b
RSP=0x00007000033cf9d0, RBP=0x00007000033cf9e0, RSI=0x00007ff2b5027800, RDI=0x000700000000001c
R8 =0x0000000000000000, R9 =0x00007ff2b3793fb0, R10=0x0000000000000001, R11=0x0000000000000001
R12=0x00007ff2b5027800, R13=0x000700000000001c, R14=0x000700000000001c, R15=0x00007ff2b3702080
RIP=0x000000010804c2b0, EFLAGS=0x0000000000010202, ERR=0x0000000000000000
  TRAPNO=0x000000000000000d

Top of Stack: (sp=0x00007000033cf9d0)
0x00007000033cf9d0:   00007000033cfa8b 00007000033cfa8b
0x00007000033cf9e0:   00007000033cfa40 0000000107f5e26e
0x00007000033cf9f0:   00007ff2b5027800 0000000000000000
0x00007000033cfa00:   0000000000000000 0000000000000000
0x00007000033cfa10:   00007ff2b5027800 00007ff2b5027800
0x00007000033cfa20:   00007000033cfa8b 00007000033cfa90
0x00007000033cfa30:   000700000000001c 000000000000000d
0x00007000033cfa40:   00007000033cfa60 0000000108ba87dc
0x00007000033cfa50:   0000000000000001 00007000033cfb08
0x00007000033cfa60:   00007000033cfad0 0000000108b8d263
0x00007000033cfa70:   00007000033cfaa0 00007ff2b3700960
0x00007000033cfa80:   0000000e00000032 f000100a013cfb08
0x00007000033cfa90:   0000000000000000 0000000000000000
0x00007000033cfaa0:   0000000000000000 00007000033cfc90
0x00007000033cfab0:   0000000108bafeca 00007ff2b3644810
0x00007000033cfac0:   00007000033cfb08 0000000108bbb588
0x00007000033cfad0:   00007000033cfae0 0000000108b8d35c
0x00007000033cfae0:   00007000033cfd00 0000000108b968f6
0x00007000033cfaf0:   0000024500000013 00000000000f0200
0x00007000033cfb00:   00007ff2b3642820 00007ff2b49c2055
0x00007000033cfb10:   00007ff20000045b 00007ff2b37464f0
0x00007000033cfb20:   00007ff20000012c 00007000033cfb58
0x00007000033cfb30:   00007ff2b373ff20 0000000000000000
0x00007000033cfb40:   000002450000001c 0000000000000080
0x00007000033cfb50:   00007000033cfb58 f27f00000e000000
0x00007000033cfb60:   0800000058a857b3 3e74696e696c633c
0x00007000033cfb70:   0056292803000000 0008000000000000
0x00007000033cfb80:   0050a857b3f27f00 74696e693c060000
0x00007000033cfb90:   562928030000003e 0100000000000000
0x00007000033cfba0:   68a857b3f27f0000 7261747305000000
0x00007000033cfbb0:   6a4c281700000074 74732f7866617661
0x00007000033cfbc0:   676174532f656761 0000000056293b65 

Instructions: (pc=0x000000010804c2b0)
0x000000010804c290:   40 48 48 85 c0 75 e0 30 c0 0f b6 c0 5d c3 31 c0
0x000000010804c2a0:   5d c3 55 48 89 e5 53 48 83 ec 08 48 85 ff 74 24
0x000000010804c2b0:   48 8b 1f 48 85 db 74 1c 48 83 fb 37 74 16 48 8b
0x000000010804c2c0:   03 48 89 df ff 50 10 84 c0 b8 00 00 00 00 48 0f 

Register to memory mapping:

RAX=0x0000000000000001 is an unknown value
RBX=0x00007000033cfa8b is pointing into the stack for thread: 0x00007ff2b5027800
RCX=0x00000001083ffc80: UseMembar+0 in /Library/Java/JavaVirtualMachines/jdk1.8.0_25.jdk/Contents/Home/jre/lib/server/libjvm.dylib at 0x0000000107c29000
RDX=0x00007000033cfa8b is pointing into the stack for thread: 0x00007ff2b5027800
RSP=0x00007000033cf9d0 is pointing into the stack for thread: 0x00007ff2b5027800
RBP=0x00007000033cf9e0 is pointing into the stack for thread: 0x00007ff2b5027800
RSI=0x00007ff2b5027800 is a thread
RDI=0x000700000000001c is an unknown value
R8 =0x0000000000000000 is an unknown value
R9 =0x00007ff2b3793fb0 is an unknown value
R10=0x0000000000000001 is an unknown value
R11=0x0000000000000001 is an unknown value
R12=0x00007ff2b5027800 is a thread
R13=0x000700000000001c is an unknown value
R14=0x000700000000001c is an unknown value
R15=0x00007ff2b3702080 is an unknown value


Stack: [0x00007000032d0000,0x00007000033d0000],  sp=0x00007000033cf9d0,  free space=1022k
Native frames: (J=compiled Java code, j=interpreted, Vv=VM code, C=native code)
V  [libjvm.dylib+0x4232b0]
V  [libjvm.dylib+0x33526e]
C  [libjdwp.dylib+0x207dc]  isMethodSynthetic+0x63
C  [libjdwp.dylib+0x5263]  methods1+0x10b
C  [libjdwp.dylib+0x535c]  methodsWithGeneric+0xe
C  [libjdwp.dylib+0xe8f6]  debugLoop_run+0x1ce
C  [libjdwp.dylib+0x1f716]  attachThread+0x4d
V  [libjvm.dylib+0x3762ce]
V  [libjvm.dylib+0x535ed9]
V  [libjvm.dylib+0x53761c]
V  [libjvm.dylib+0x45d87e]
C  [libsystem_pthread.dylib+0x3aab]  _pthread_body+0xb4
C  [libsystem_pthread.dylib+0x39f7]  _pthread_body+0x0
C  [libsystem_pthread.dylib+0x3221]  thread_start+0xd
C  0x0000000000000000


---------------  P R O C E S S  ---------------

Java Threads: ( => current thread )
  0x00007ff2b413a000 JavaThread "Thread-3" daemon [_thread_in_native, id=38147, stack(0x0000700003cee000,0x0000700003d6e000)]
  0x00007ff2b4108000 JavaThread "JavaFX Application Thread" [_thread_in_native, id=775, stack(0x00007fff57853000,0x00007fff58053000)]
  0x00007ff2b4102800 JavaThread "Thread-1" daemon [_thread_blocked, id=26635, stack(0x0000700003beb000,0x0000700003ceb000)]
  0x00007ff2b48b5800 JavaThread "QuantumRenderer-0" daemon [_thread_blocked, id=21251, stack(0x0000700003ae8000,0x0000700003be8000)]
  0x00007ff2b385a800 JavaThread "Service Thread" daemon [_thread_blocked, id=20227, stack(0x00007000038e2000,0x00007000039e2000)]
  0x00007ff2b401e800 JavaThread "C1 CompilerThread2" daemon [_thread_blocked, id=19715, stack(0x00007000037df000,0x00007000038df000)]
  0x00007ff2b401e000 JavaThread "C2 CompilerThread1" daemon [_thread_blocked, id=19203, stack(0x00007000036dc000,0x00007000037dc000)]
  0x00007ff2b3844800 JavaThread "C2 CompilerThread0" daemon [_thread_blocked, id=18691, stack(0x00007000035d9000,0x00007000036d9000)]
  0x00007ff2b385b800 JavaThread "JDWP Command Reader" daemon [_thread_in_native, id=18179, stack(0x00007000034d6000,0x00007000035d6000)]
  0x00007ff2b401b800 JavaThread "JDWP Event Helper Thread" daemon [_thread_blocked, id=17667, stack(0x00007000033d3000,0x00007000034d3000)]
=>0x00007ff2b5027800 JavaThread "JDWP Transport Listener: dt_socket" daemon [_thread_in_vm, id=17155, stack(0x00007000032d0000,0x00007000033d0000)]
  0x00007ff2b400a800 JavaThread "Signal Dispatcher" daemon [_thread_blocked, id=16643, stack(0x00007000031cd000,0x00007000032cd000)]
  0x00007ff2b3814000 JavaThread "Finalizer" daemon [_thread_blocked, id=12291, stack(0x0000700003047000,0x0000700003147000)]
  0x00007ff2b5006000 JavaThread "Reference Handler" daemon [_thread_blocked, id=11779, stack(0x0000700002f44000,0x0000700003044000)]
  0x00007ff2b380a000 JavaThread "main" [_thread_blocked, id=6915, stack(0x0000700002932000,0x0000700002a32000)]

Other Threads:
  0x00007ff2b480c800 VMThread [stack: 0x0000700002e41000,0x0000700002f41000] [id=11267]
  0x00007ff2b401d000 WatcherThread [stack: 0x00007000039e5000,0x0000700003ae5000] [id=20739]

VM state:not at safepoint (normal execution)

VM Mutex/Monitor currently owned by a thread: None

Heap:
 PSYoungGen      total 38400K, used 15852K [0x0000000795580000, 0x0000000798000000, 0x00000007c0000000)
  eden space 33280K, 47% used [0x0000000795580000,0x00000007964fb3a0,0x0000000797600000)
  from space 5120K, 0% used [0x0000000797b00000,0x0000000797b00000,0x0000000798000000)
  to   space 5120K, 0% used [0x0000000797600000,0x0000000797600000,0x0000000797b00000)
 ParOldGen       total 87552K, used 0K [0x0000000740000000, 0x0000000745580000, 0x0000000795580000)
  object space 87552K, 0% used [0x0000000740000000,0x0000000740000000,0x0000000745580000)
 Metaspace       used 7799K, capacity 8300K, committed 8576K, reserved 1056768K
  class space    used 973K, capacity 1031K, committed 1152K, reserved 1048576K

Card table byte_map: [0x00000001097c0000,0x0000000109bc1000] byte_map_base: 0x0000000105dc0000

Marking Bits: (ParMarkBitMap*) 0x00000001084c6390
 Begin Bits: [0x0000000109e6c000, 0x000000010be6c000)
 End Bits:   [0x000000010be6c000, 0x000000010de6c000)

Polling page: 0x0000000108b87000

CodeCache: size=245760Kb used=2382Kb max_used=2394Kb free=243377Kb
 bounds [0x0000000114779000, 0x00000001149e9000, 0x0000000123779000]
 total_blobs=944 nmethods=548 adapters=319
 compilation: enabled

Compilation events (10 events):
Event: 2.689 Thread 0x00007ff2b401e800  544       1       com.sun.javafx.tk.quantum.PaintCollector::hasDirty (5 bytes)
Event: 2.689 Thread 0x00007ff2b401e800 nmethod 544 0x00000001149c8750 code [0x00000001149c88a0, 0x00000001149c89b0]
Event: 4.823 Thread 0x00007ff2b401e800  545       3       com.sun.javafx.tk.quantum.QuantumToolkit$$Lambda$43/161713357::run (8 bytes)
Event: 4.824 Thread 0x00007ff2b401e800 nmethod 545 0x00000001149c8a10 code [0x00000001149c8bc0, 0x00000001149c9028]
Event: 4.824 Thread 0x00007ff2b401e800  546   !   3       com.sun.javafx.tk.quantum.QuantumToolkit::lambda$runToolkit$364 (16 bytes)
Event: 4.824 Thread 0x00007ff2b401e800 nmethod 546 0x00000001149c9250 code [0x00000001149c93e0, 0x00000001149c97c8]
Event: 6.958 Thread 0x00007ff2b401e800  547       3       com.sun.javafx.tk.quantum.QuantumToolkit::postPulse (148 bytes)
Event: 6.960 Thread 0x00007ff2b401e800 nmethod 547 0x00000001149c9950 code [0x00000001149c9cc0, 0x00000001149cbc98]
Event: 90.194 Thread 0x00007ff2b3844800  548       4       com.sun.javafx.tk.quantum.QuantumToolkit$$Lambda$43/161713357::run (8 bytes)
Event: 90.197 Thread 0x00007ff2b3844800 nmethod 548 0x00000001149cfbd0 code [0x00000001149cfd60, 0x00000001149d0088]

GC Heap History (0 events):
No events

Deoptimization events (0 events):
No events

Internal exceptions (10 events):
Event: 0.329 Thread 0x00007ff2b380a000 Exception <a 'java/lang/NoSuchFieldError': method resolution failed> (0x00000007958cda70) thrown at [/HUDSON3/workspace/8-2-build-macosx-x86_64/jdk8u25/1514/hotspot/src/share/vm/prims/methodHandles.cpp, line 1159]
Event: 0.338 Thread 0x00007ff2b380a000 Exception <a 'java/lang/NoSuchFieldError': method resolution failed> (0x00000007958dc668) thrown at [/HUDSON3/workspace/8-2-build-macosx-x86_64/jdk8u25/1514/hotspot/src/share/vm/prims/methodHandles.cpp, line 1159]
Event: 0.340 Thread 0x00007ff2b380a000 Exception <a 'java/lang/NoSuchFieldError': method resolution failed> (0x00000007958df7c8) thrown at [/HUDSON3/workspace/8-2-build-macosx-x86_64/jdk8u25/1514/hotspot/src/share/vm/prims/methodHandles.cpp, line 1159]
Event: 0.359 Thread 0x00007ff2b380a000 Exception <a 'java/security/PrivilegedActionException'> (0x0000000795931918) thrown at [/HUDSON3/workspace/8-2-build-macosx-x86_64/jdk8u25/1514/hotspot/src/share/vm/prims/jvm.cpp, line 1312]
Event: 0.359 Thread 0x00007ff2b380a000 Exception <a 'java/security/PrivilegedActionException'> (0x0000000795931ad0) thrown at [/HUDSON3/workspace/8-2-build-macosx-x86_64/jdk8u25/1514/hotspot/src/share/vm/prims/jvm.cpp, line 1312]
Event: 0.360 Thread 0x00007ff2b380a000 Exception <a 'java/security/PrivilegedActionException'> (0x0000000795934cc0) thrown at [/HUDSON3/workspace/8-2-build-macosx-x86_64/jdk8u25/1514/hotspot/src/share/vm/prims/jvm.cpp, line 1312]
Event: 0.360 Thread 0x00007ff2b380a000 Exception <a 'java/security/PrivilegedActionException'> (0x0000000795934e78) thrown at [/HUDSON3/workspace/8-2-build-macosx-x86_64/jdk8u25/1514/hotspot/src/share/vm/prims/jvm.cpp, line 1312]
Event: 0.360 Thread 0x00007ff2b380a000 Exception <a 'java/lang/NullPointerException'> (0x0000000795935608) thrown at [/HUDSON3/workspace/8-2-build-macosx-x86_64/jdk8u25/1514/hotspot/src/share/vm/interpreter/linkResolver.cpp, line 1178]
Event: 0.647 Thread 0x00007ff2b4108000 Exception <a 'java/lang/NullPointerException'> (0x00000007960c18a8) thrown at [/HUDSON3/workspace/8-2-build-macosx-x86_64/jdk8u25/1514/hotspot/src/share/vm/interpreter/linkResolver.cpp, line 1178]
Event: 0.647 Thread 0x00007ff2b4108000 Exception <a 'java/lang/NullPointerException'> (0x00000007960c18a8) thrown at [/HUDSON3/workspace/8-2-build-macosx-x86_64/jdk8u25/1514/hotspot/src/share/vm/prims/jvm.cpp, line 1316]

Events (10 events):
Event: 265.339 Executing VM operation: GetCurrentLocation
Event: 265.339 Executing VM operation: GetCurrentLocation done
Event: 265.339 Executing VM operation: EnterInterpOnlyMode
Event: 265.339 Executing VM operation: EnterInterpOnlyMode done
Event: 265.339 Executing VM operation: ChangeSingleStep
Event: 265.340 Executing VM operation: ChangeSingleStep done
Event: 265.340 Executing VM operation: ChangeSingleStep
Event: 265.340 Executing VM operation: ChangeSingleStep done
Event: 265.349 Executing VM operation: RedefineClasses
Event: 265.354 Executing VM operation: RedefineClasses done


Dynamic libraries:
0x0000000038042000 	/System/Library/Frameworks/Cocoa.framework/Versions/A/Cocoa
0x0000000038042000 	/System/Library/Frameworks/Security.framework/Versions/A/Security
0x0000000038042000 	/System/Library/Frameworks/ApplicationServices.framework/Versions/A/ApplicationServices
0x0000000038042000 	/usr/lib/libz.1.dylib
0x0000000038042000 	/usr/lib/libSystem.B.dylib
0x0000000038042000 	/usr/lib/libobjc.A.dylib
0x0000000038042000 	/System/Library/Frameworks/CoreFoundation.framework/Versions/A/CoreFoundation
0x0000000038042000 	/System/Library/Frameworks/Foundation.framework/Versions/C/Foundation
0x0000000038042000 	/System/Library/Frameworks/AppKit.framework/Versions/C/AppKit
0x0000000038042000 	/System/Library/Frameworks/CoreData.framework/Versions/A/CoreData
0x0000000038042000 	/System/Library/PrivateFrameworks/RemoteViewServices.framework/Versions/A/RemoteViewServices
0x0000000038042000 	/System/Library/PrivateFrameworks/UIFoundation.framework/Versions/A/UIFoundation
0x0000000038042000 	/usr/lib/libenergytrace.dylib
0x0000000038042000 	/System/Library/PrivateFrameworks/SkyLight.framework/Versions/A/SkyLight
0x0000000038042000 	/System/Library/Frameworks/CoreGraphics.framework/Versions/A/CoreGraphics
0x0000000038042000 	/usr/lib/libScreenReader.dylib
0x0000000038042000 	/System/Library/Frameworks/Accelerate.framework/Versions/A/Accelerate
0x0000000038042000 	/System/Library/Frameworks/IOSurface.framework/Versions/A/IOSurface
0x0000000038042000 	/System/Library/Frameworks/AudioToolbox.framework/Versions/A/AudioToolbox
0x0000000038042000 	/System/Library/Frameworks/AudioUnit.framework/Versions/A/AudioUnit
0x0000000038042000 	/System/Library/PrivateFrameworks/DataDetectorsCore.framework/Versions/A/DataDetectorsCore
0x0000000038042000 	/System/Library/PrivateFrameworks/DesktopServicesPriv.framework/Versions/A/DesktopServicesPriv
0x0000000038042000 	/System/Library/Frameworks/Carbon.framework/Versions/A/Frameworks/HIToolbox.framework/Versions/A/HIToolbox
0x0000000038042000 	/usr/lib/libicucore.A.dylib
0x0000000038042000 	/System/Library/Frameworks/QuartzCore.framework/Versions/A/QuartzCore
0x0000000038042000 	/System/Library/Frameworks/Carbon.framework/Versions/A/Frameworks/SpeechRecognition.framework/Versions/A/SpeechRecognition
0x0000000038042000 	/usr/lib/libauto.dylib
0x0000000038042000 	/usr/lib/libxml2.2.dylib
0x0000000038042000 	/System/Library/PrivateFrameworks/CoreUI.framework/Versions/A/CoreUI
0x0000000038042000 	/System/Library/Frameworks/CoreAudio.framework/Versions/A/CoreAudio
0x0000000038042000 	/System/Library/Frameworks/DiskArbitration.framework/Versions/A/DiskArbitration
0x0000000038042000 	/usr/lib/liblangid.dylib
0x0000000038042000 	/System/Library/PrivateFrameworks/MultitouchSupport.framework/Versions/A/MultitouchSupport
0x0000000038042000 	/System/Library/Frameworks/IOKit.framework/Versions/A/IOKit
0x0000000038042000 	/usr/lib/libDiagnosticMessagesClient.dylib
0x0000000038042000 	/System/Library/Frameworks/CoreServices.framework/Versions/A/CoreServices
0x0000000038042000 	/System/Library/PrivateFrameworks/PerformanceAnalysis.framework/Versions/A/PerformanceAnalysis
0x0000000038042000 	/System/Library/PrivateFrameworks/GenerationalStorage.framework/Versions/A/GenerationalStorage
0x0000000038042000 	/System/Library/Frameworks/OpenGL.framework/Versions/A/OpenGL
0x0000000038042000 	/System/Library/Frameworks/CoreImage.framework/Versions/A/CoreImage
0x0000000038042000 	/System/Library/Frameworks/CoreText.framework/Versions/A/CoreText
0x0000000038042000 	/System/Library/Frameworks/ImageIO.framework/Versions/A/ImageIO
0x0000000038042000 	/System/Library/PrivateFrameworks/Backup.framework/Versions/A/Backup
0x0000000038042000 	/usr/lib/libarchive.2.dylib
0x0000000038042000 	/System/Library/Frameworks/CFNetwork.framework/Versions/A/CFNetwork
0x0000000038042000 	/System/Library/Frameworks/SystemConfiguration.framework/Versions/A/SystemConfiguration
0x0000000038042000 	/usr/lib/libCRFSuite.dylib
0x0000000038042000 	/usr/lib/libc++.1.dylib
0x0000000038042000 	/usr/lib/libc++abi.dylib
0x0000000038042000 	/usr/lib/system/libcache.dylib
0x0000000038042000 	/usr/lib/system/libcommonCrypto.dylib
0x0000000038042000 	/usr/lib/system/libcompiler_rt.dylib
0x0000000038042000 	/usr/lib/system/libcopyfile.dylib
0x0000000038042000 	/usr/lib/system/libcorecrypto.dylib
0x0000000038042000 	/usr/lib/system/libdispatch.dylib
0x0000000038042000 	/usr/lib/system/libdyld.dylib
0x0000000038042000 	/usr/lib/system/libkeymgr.dylib
0x0000000038042000 	/usr/lib/system/liblaunch.dylib
0x0000000038042000 	/usr/lib/system/libmacho.dylib
0x0000000038042000 	/usr/lib/system/libquarantine.dylib
0x0000000038042000 	/usr/lib/system/libremovefile.dylib
0x0000000038042000 	/usr/lib/system/libsystem_asl.dylib
0x0000000038042000 	/usr/lib/system/libsystem_blocks.dylib
0x0000000038042000 	/usr/lib/system/libsystem_c.dylib
0x0000000038042000 	/usr/lib/system/libsystem_configuration.dylib
0x0000000038042000 	/usr/lib/system/libsystem_coreservices.dylib
0x0000000038042000 	/usr/lib/system/libsystem_coretls.dylib
0x0000000038042000 	/usr/lib/system/libsystem_dnssd.dylib
0x0000000038042000 	/usr/lib/system/libsystem_info.dylib
0x0000000038042000 	/usr/lib/system/libsystem_kernel.dylib
0x0000000038042000 	/usr/lib/system/libsystem_m.dylib
0x0000000038042000 	/usr/lib/system/libsystem_malloc.dylib
0x0000000038042000 	/usr/lib/system/libsystem_network.dylib
0x0000000038042000 	/usr/lib/system/libsystem_networkextension.dylib
0x0000000038042000 	/usr/lib/system/libsystem_notify.dylib
0x0000000038042000 	/usr/lib/system/libsystem_platform.dylib
0x0000000038042000 	/usr/lib/system/libsystem_pthread.dylib
0x0000000038042000 	/usr/lib/system/libsystem_sandbox.dylib
0x0000000038042000 	/usr/lib/system/libsystem_secinit.dylib
0x0000000038042000 	/usr/lib/system/libsystem_symptoms.dylib
0x0000000038042000 	/usr/lib/system/libsystem_trace.dylib
0x0000000038042000 	/usr/lib/system/libunwind.dylib
0x0000000038042000 	/usr/lib/system/libxpc.dylib
0x0000000038042000 	/usr/lib/libbsm.0.dylib
0x0000000038042000 	/usr/lib/system/libkxld.dylib
0x0000000038042000 	/usr/lib/libcoretls.dylib
0x0000000038042000 	/usr/lib/libcoretls_cfhelpers.dylib
0x0000000038042000 	/usr/lib/libxar.1.dylib
0x0000000038042000 	/usr/lib/libsqlite3.dylib
0x0000000038042000 	/usr/lib/libpam.2.dylib
0x0000000038042000 	/usr/lib/libOpenScriptingUtil.dylib
0x0000000038042000 	/usr/lib/libbz2.1.0.dylib
0x0000000038042000 	/usr/lib/liblzma.5.dylib
0x0000000038042000 	/usr/lib/libnetwork.dylib
0x0000000038042000 	/usr/lib/libpcap.A.dylib
0x0000000038042000 	/System/Library/Frameworks/CoreServices.framework/Versions/A/Frameworks/FSEvents.framework/Versions/A/FSEvents
0x0000000038042000 	/System/Library/Frameworks/CoreServices.framework/Versions/A/Frameworks/CarbonCore.framework/Versions/A/CarbonCore
0x0000000038042000 	/System/Library/Frameworks/CoreServices.framework/Versions/A/Frameworks/Metadata.framework/Versions/A/Metadata
0x0000000038042000 	/System/Library/Frameworks/CoreServices.framework/Versions/A/Frameworks/OSServices.framework/Versions/A/OSServices
0x0000000038042000 	/System/Library/Frameworks/CoreServices.framework/Versions/A/Frameworks/SearchKit.framework/Versions/A/SearchKit
0x0000000038042000 	/System/Library/Frameworks/CoreServices.framework/Versions/A/Frameworks/AE.framework/Versions/A/AE
0x0000000038042000 	/System/Library/Frameworks/CoreServices.framework/Versions/A/Frameworks/LaunchServices.framework/Versions/A/LaunchServices
0x0000000038042000 	/System/Library/Frameworks/CoreServices.framework/Versions/A/Frameworks/DictionaryServices.framework/Versions/A/DictionaryServices
0x0000000038042000 	/System/Library/Frameworks/CoreServices.framework/Versions/A/Frameworks/SharedFileList.framework/Versions/A/SharedFileList
0x0000000038042000 	/System/Library/Frameworks/NetFS.framework/Versions/A/NetFS
0x0000000038042000 	/System/Library/PrivateFrameworks/NetAuth.framework/Versions/A/NetAuth
0x0000000038042000 	/System/Library/PrivateFrameworks/login.framework/Versions/A/Frameworks/loginsupport.framework/Versions/A/loginsupport
0x0000000038042000 	/System/Library/PrivateFrameworks/TCC.framework/Versions/A/TCC
0x0000000038042000 	/usr/lib/libmecabra.dylib
0x0000000038042000 	/System/Library/Frameworks/ApplicationServices.framework/Versions/A/Frameworks/ATS.framework/Versions/A/ATS
0x0000000038042000 	/System/Library/Frameworks/ApplicationServices.framework/Versions/A/Frameworks/ColorSync.framework/Versions/A/ColorSync
0x0000000038042000 	/System/Library/Frameworks/ApplicationServices.framework/Versions/A/Frameworks/HIServices.framework/Versions/A/HIServices
0x0000000038042000 	/System/Library/Frameworks/ApplicationServices.framework/Versions/A/Frameworks/LangAnalysis.framework/Versions/A/LangAnalysis
0x0000000038042000 	/System/Library/Frameworks/ApplicationServices.framework/Versions/A/Frameworks/PrintCore.framework/Versions/A/PrintCore
0x0000000038042000 	/System/Library/Frameworks/ApplicationServices.framework/Versions/A/Frameworks/QD.framework/Versions/A/QD
0x0000000038042000 	/System/Library/Frameworks/ApplicationServices.framework/Versions/A/Frameworks/SpeechSynthesis.framework/Versions/A/SpeechSynthesis
0x0000000038042000 	/System/Library/Frameworks/Accelerate.framework/Versions/A/Frameworks/vImage.framework/Versions/A/vImage
0x0000000038042000 	/System/Library/Frameworks/Accelerate.framework/Versions/A/Frameworks/vecLib.framework/Versions/A/vecLib
0x0000000038042000 	/System/Library/Frameworks/Accelerate.framework/Versions/A/Frameworks/vecLib.framework/Versions/A/libvDSP.dylib
0x0000000038042000 	/System/Library/Frameworks/Accelerate.framework/Versions/A/Frameworks/vecLib.framework/Versions/A/libBNNS.dylib
0x0000000038042000 	/System/Library/Frameworks/Accelerate.framework/Versions/A/Frameworks/vecLib.framework/Versions/A/libQuadrature.dylib
0x0000000038042000 	/System/Library/Frameworks/Accelerate.framework/Versions/A/Frameworks/vecLib.framework/Versions/A/libvMisc.dylib
0x0000000038042000 	/System/Library/Frameworks/Accelerate.framework/Versions/A/Frameworks/vecLib.framework/Versions/A/libLAPACK.dylib
0x0000000038042000 	/System/Library/Frameworks/Accelerate.framework/Versions/A/Frameworks/vecLib.framework/Versions/A/libBLAS.dylib
0x0000000038042000 	/System/Library/Frameworks/Accelerate.framework/Versions/A/Frameworks/vecLib.framework/Versions/A/libLinearAlgebra.dylib
0x0000000038042000 	/System/Library/Frameworks/Accelerate.framework/Versions/A/Frameworks/vecLib.framework/Versions/A/libSparseBLAS.dylib
0x0000000038042000 	/System/Library/Frameworks/ApplicationServices.framework/Versions/A/Frameworks/ATS.framework/Versions/A/Resources/libFontParser.dylib
0x0000000038042000 	/System/Library/Frameworks/ApplicationServices.framework/Versions/A/Frameworks/ATS.framework/Versions/A/Resources/libFontRegistry.dylib
0x0000000038042000 	/System/Library/Frameworks/ImageIO.framework/Versions/A/Resources/libJPEG.dylib
0x0000000038042000 	/System/Library/Frameworks/ImageIO.framework/Versions/A/Resources/libTIFF.dylib
0x0000000038042000 	/System/Library/Frameworks/ImageIO.framework/Versions/A/Resources/libPng.dylib
0x0000000038042000 	/System/Library/Frameworks/ImageIO.framework/Versions/A/Resources/libGIF.dylib
0x0000000038042000 	/System/Library/Frameworks/ImageIO.framework/Versions/A/Resources/libJP2.dylib
0x0000000038042000 	/System/Library/Frameworks/ImageIO.framework/Versions/A/Resources/libRadiance.dylib
0x0000000038042000 	/usr/lib/libcompression.dylib
0x0000000038042000 	/System/Library/PrivateFrameworks/AppleJPEG.framework/Versions/A/AppleJPEG
0x0000000038042000 	/usr/lib/libcups.2.dylib
0x0000000038042000 	/System/Library/Frameworks/Kerberos.framework/Versions/A/Kerberos
0x0000000038042000 	/System/Library/Frameworks/GSS.framework/Versions/A/GSS
0x0000000038042000 	/usr/lib/libresolv.9.dylib
0x0000000038042000 	/usr/lib/libiconv.2.dylib
0x0000000038042000 	/System/Library/PrivateFrameworks/Heimdal.framework/Versions/A/Heimdal
0x0000000038042000 	/usr/lib/libheimdal-asn1.dylib
0x0000000038042000 	/System/Library/Frameworks/OpenDirectory.framework/Versions/A/OpenDirectory
0x0000000038042000 	/System/Library/PrivateFrameworks/CommonAuth.framework/Versions/A/CommonAuth
0x0000000038042000 	/System/Library/Frameworks/OpenDirectory.framework/Versions/A/Frameworks/CFOpenDirectory.framework/Versions/A/CFOpenDirectory
0x0000000038042000 	/System/Library/Frameworks/SecurityFoundation.framework/Versions/A/SecurityFoundation
0x0000000038042000 	/System/Library/PrivateFrameworks/LanguageModeling.framework/Versions/A/LanguageModeling
0x0000000038042000 	/usr/lib/libmarisa.dylib
0x0000000038042000 	/usr/lib/libChineseTokenizer.dylib
0x0000000038042000 	/usr/lib/libcmph.dylib
0x0000000038042000 	/System/Library/PrivateFrameworks/CoreEmoji.framework/Versions/A/CoreEmoji
0x0000000038042000 	/System/Library/Frameworks/ServiceManagement.framework/Versions/A/ServiceManagement
0x0000000038042000 	/usr/lib/libxslt.1.dylib
0x0000000038042000 	/System/Library/Frameworks/Carbon.framework/Versions/A/Frameworks/Ink.framework/Versions/A/Ink
0x0000000038042000 	/System/Library/PrivateFrameworks/TextureIO.framework/Versions/A/TextureIO
0x0000000038042000 	/System/Library/Frameworks/Metal.framework/Versions/A/Metal
0x0000000038042000 	/usr/lib/libate.dylib
0x0000000038042000 	/System/Library/PrivateFrameworks/GPUCompiler.framework/libmetal_timestamp.dylib
0x0000000038042000 	/System/Library/Frameworks/OpenGL.framework/Versions/A/Libraries/libCoreFSCache.dylib
0x0000000038042000 	/System/Library/PrivateFrameworks/IOAccelerator.framework/Versions/A/IOAccelerator
0x0000000038042000 	/System/Library/Frameworks/CoreVideo.framework/Versions/A/CoreVideo
0x0000000038042000 	/usr/lib/libFosl_dynamic.dylib
0x0000000038042000 	/System/Library/PrivateFrameworks/MetalPerformanceShaders.framework/Versions/A/MetalPerformanceShaders
0x0000000038042000 	/System/Library/PrivateFrameworks/FaceCore.framework/Versions/A/FaceCore
0x0000000038042000 	/System/Library/Frameworks/OpenCL.framework/Versions/A/OpenCL
0x0000000038042000 	/System/Library/Frameworks/OpenGL.framework/Versions/A/Libraries/libGLU.dylib
0x0000000038042000 	/System/Library/Frameworks/OpenGL.framework/Versions/A/Libraries/libGFXShared.dylib
0x0000000038042000 	/System/Library/Frameworks/OpenGL.framework/Versions/A/Libraries/libGL.dylib
0x0000000038042000 	/System/Library/Frameworks/OpenGL.framework/Versions/A/Libraries/libGLImage.dylib
0x0000000038042000 	/System/Library/Frameworks/OpenGL.framework/Versions/A/Libraries/libCVMSPluginSupport.dylib
0x0000000038042000 	/System/Library/Frameworks/OpenGL.framework/Versions/A/Libraries/libCoreVMClient.dylib
0x0000000038042000 	/System/Library/PrivateFrameworks/CrashReporterSupport.framework/Versions/A/CrashReporterSupport
0x0000000038042000 	/System/Library/PrivateFrameworks/Sharing.framework/Versions/A/Sharing
0x0000000038042000 	/System/Library/PrivateFrameworks/IconServices.framework/Versions/A/IconServices
0x0000000038042000 	/System/Library/PrivateFrameworks/ProtocolBuffer.framework/Versions/A/ProtocolBuffer
0x0000000038042000 	/System/Library/PrivateFrameworks/Apple80211.framework/Versions/A/Apple80211
0x0000000038042000 	/System/Library/Frameworks/CoreWLAN.framework/Versions/A/CoreWLAN
0x0000000038042000 	/System/Library/PrivateFrameworks/CoreUtils.framework/Versions/A/CoreUtils
0x0000000038042000 	/System/Library/Frameworks/IOBluetooth.framework/Versions/A/IOBluetooth
0x0000000038042000 	/System/Library/PrivateFrameworks/CoreWiFi.framework/Versions/A/CoreWiFi
0x0000000038042000 	/System/Library/Frameworks/CoreBluetooth.framework/Versions/A/CoreBluetooth
0x0000000038042000 	/System/Library/Frameworks/CoreDisplay.framework/Versions/A/CoreDisplay
0x0000000038042000 	/System/Library/PrivateFrameworks/IOPresentment.framework/Versions/A/IOPresentment
0x0000000038042000 	/System/Library/PrivateFrameworks/DebugSymbols.framework/Versions/A/DebugSymbols
0x0000000038042000 	/System/Library/PrivateFrameworks/CoreSymbolication.framework/Versions/A/CoreSymbolication
0x0000000038042000 	/System/Library/PrivateFrameworks/Symbolication.framework/Versions/A/Symbolication
0x0000000038042000 	/System/Library/PrivateFrameworks/AppleFSCompression.framework/Versions/A/AppleFSCompression
0x0000000038042000 	/System/Library/PrivateFrameworks/SpeechRecognitionCore.framework/Versions/A/SpeechRecognitionCore
0x0000000038042000 	/System/Library/PrivateFrameworks/ChunkingLibrary.framework/Versions/A/ChunkingLibrary
0x0000000107c29000 	/Library/Java/JavaVirtualMachines/jdk1.8.0_25.jdk/Contents/Home/jre/lib/server/libjvm.dylib
0x0000000038042000 	/usr/lib/libstdc++.6.dylib
0x0000000108b45000 	/Library/Java/JavaVirtualMachines/jdk1.8.0_25.jdk/Contents/Home/jre/lib/libverify.dylib
0x0000000108b53000 	/Library/Java/JavaVirtualMachines/jdk1.8.0_25.jdk/Contents/Home/jre/lib/libjava.dylib
0x0000000108b88000 	/Library/Java/JavaVirtualMachines/jdk1.8.0_25.jdk/Contents/Home/jre/lib/libjdwp.dylib
0x0000000108bd3000 	/Library/Java/JavaVirtualMachines/jdk1.8.0_25.jdk/Contents/Home/jre/lib/libnpt.dylib
0x0000000108be0000 	/Library/Java/JavaVirtualMachines/jdk1.8.0_25.jdk/Contents/Home/jre/lib/libzip.dylib
0x000000010fd5f000 	/System/Library/Frameworks/JavaVM.framework/Frameworks/JavaRuntimeSupport.framework/JavaRuntimeSupport
0x0000000108bea000 	/System/Library/Frameworks/JavaVM.framework/Versions/A/Frameworks/JavaNativeFoundation.framework/Versions/A/JavaNativeFoundation
0x000000010fd79000 	/System/Library/Frameworks/JavaVM.framework/Versions/A/JavaVM
0x0000000038042000 	/System/Library/Frameworks/Carbon.framework/Versions/A/Carbon
0x000000010fd86000 	/System/Library/PrivateFrameworks/JavaLaunching.framework/Versions/A/JavaLaunching
0x0000000038042000 	/System/Library/Frameworks/Carbon.framework/Versions/A/Frameworks/CommonPanels.framework/Versions/A/CommonPanels
0x0000000038042000 	/System/Library/Frameworks/Carbon.framework/Versions/A/Frameworks/Help.framework/Versions/A/Help
0x0000000038042000 	/System/Library/Frameworks/Carbon.framework/Versions/A/Frameworks/ImageCapture.framework/Versions/A/ImageCapture
0x0000000038042000 	/System/Library/Frameworks/Carbon.framework/Versions/A/Frameworks/OpenScripting.framework/Versions/A/OpenScripting
0x0000000038042000 	/System/Library/Frameworks/Carbon.framework/Versions/A/Frameworks/Print.framework/Versions/A/Print
0x0000000038042000 	/System/Library/Frameworks/Carbon.framework/Versions/A/Frameworks/SecurityHI.framework/Versions/A/SecurityHI
0x0000000111690000 	/Library/Java/JavaVirtualMachines/jdk1.8.0_25.jdk/Contents/Home/jre/lib/libdt_socket.dylib
0x0000000111725000 	/Library/Java/JavaVirtualMachines/jdk1.8.0_25.jdk/Contents/Home/jre/lib/libprism_es2.dylib
0x0000000038042000 	/System/Library/Frameworks/OpenGL.framework/Versions/A/Resources/GLEngine.bundle/GLEngine
0x0000000038042000 	/System/Library/Frameworks/OpenGL.framework/Versions/A/Libraries/libGLProgrammability.dylib
0x0000000111789000 	/System/Library/Extensions/AppleIntelHD5000GraphicsGLDriver.bundle/Contents/MacOS/AppleIntelHD5000GraphicsGLDriver
0x0000000038042000 	/System/Library/PrivateFrameworks/GPUSupport.framework/Versions/A/Libraries/libGPUSupportMercury.dylib
0x0000000038042000 	/System/Library/Frameworks/OpenGL.framework/Versions/A/Resources/GLRendererFloat.bundle/GLRendererFloat
0x0000000038042000 	/System/Library/Frameworks/OpenCL.framework/Versions/A/Libraries/libcldcpuengine.dylib
0x0000000038042000 	/usr/lib/libcrypto.0.9.8.dylib
0x0000000038042000 	/System/Library/PrivateFrameworks/TrustEvaluationAgent.framework/Versions/A/TrustEvaluationAgent
0x000000011233b000 	/Library/Java/JavaVirtualMachines/jdk1.8.0_25.jdk/Contents/Home/jre/lib/libglass.dylib
0x0000000038042000 	/System/Library/PrivateFrameworks/CoreServicesInternal.framework/Versions/A/CoreServicesInternal
0x0000000038042000 	/System/Library/CoreServices/RawCamera.bundle/Contents/MacOS/RawCamera
0x0000000038042000 	/System/Library/Frameworks/Accelerate.framework/Versions/A/Frameworks/vImage.framework/Versions/A/Libraries/libCGInterfaces.dylib
0x0000000038042000 	/System/Library/PrivateFrameworks/FamilyControls.framework/Versions/A/FamilyControls
0x0000000038042000 	/System/Library/PrivateFrameworks/CommerceKit.framework/Versions/A/Frameworks/CommerceCore.framework/Versions/A/CommerceCore
0x0000000038042000 	/System/Library/PrivateFrameworks/SystemAdministration.framework/Versions/A/SystemAdministration
0x0000000038042000 	/System/Library/PrivateFrameworks/AppContainer.framework/Versions/A/AppContainer
0x0000000038042000 	/System/Library/PrivateFrameworks/SecCodeWrapper.framework/Versions/A/SecCodeWrapper
0x0000000038042000 	/System/Library/Frameworks/DirectoryService.framework/Versions/A/DirectoryService
0x0000000038042000 	/System/Library/PrivateFrameworks/DiskImages.framework/Versions/A/DiskImages
0x0000000038042000 	/System/Library/PrivateFrameworks/LoginUIKit.framework/Versions/A/Frameworks/LoginUICore.framework/Versions/A/LoginUICore
0x0000000038042000 	/usr/lib/libCoreStorage.dylib
0x0000000038042000 	/usr/lib/libcsfde.dylib
0x0000000038042000 	/usr/lib/libodfde.dylib
0x0000000038042000 	/System/Library/Frameworks/DiscRecording.framework/Versions/A/DiscRecording
0x0000000038042000 	/usr/lib/libcurl.4.dylib
0x0000000038042000 	/System/Library/PrivateFrameworks/MediaKit.framework/Versions/A/MediaKit
0x0000000038042000 	/System/Library/PrivateFrameworks/ProtectedCloudStorage.framework/Versions/A/ProtectedCloudStorage
0x0000000038042000 	/System/Library/PrivateFrameworks/EFILogin.framework/Versions/A/EFILogin
0x0000000038042000 	/usr/lib/libutil.dylib
0x0000000038042000 	/System/Library/Frameworks/LDAP.framework/Versions/A/LDAP
0x0000000038042000 	/usr/lib/libsasl2.2.dylib
0x0000000038042000 	/System/Library/PrivateFrameworks/CoreDaemon.framework/Versions/B/CoreDaemon
0x0000000038042000 	/System/Library/PrivateFrameworks/AppleSRP.framework/Versions/A/AppleSRP
0x0000000038042000 	/System/Library/PrivateFrameworks/APFS.framework/Versions/A/APFS
0x0000000038042000 	/System/Library/Frameworks/ApplicationServices.framework/Versions/A/Frameworks/ATS.framework/Versions/A/Resources/libTrueTypeScaler.dylib
0x0000000124e24000 	/System/Library/Extensions/AppleIntelHD5000GraphicsMTLDriver.bundle/Contents/MacOS/AppleIntelHD5000GraphicsMTLDriver

VM Arguments:
jvm_args: -agentlib:jdwp=transport=dt_socket,suspend=y,address=localhost:61347 -Dfile.encoding=UTF-8 
java_command: UnixProjectUI
java_class_path (initial): /Users/enoshcohen/Dropbox/School/Afeka/3rd year/UNIX/Final Project/UnixProjectUI/bin
Launcher Type: SUN_STANDARD

Environment Variables:
PATH=/usr/bin:/bin:/usr/sbin:/sbin
SHELL=/bin/bash
DISPLAY=/private/tmp/com.apple.launchd.OgPlbOrzTQ/org.macosforge.xquartz:0

Signal Handlers:
SIGSEGV: [libjvm.dylib+0x579dc7], sa_mask[0]=11111111011111110111111111111111, sa_flags=SA_ONSTACK|SA_RESTART|SA_SIGINFO
SIGBUS: [libjvm.dylib+0x579dc7], sa_mask[0]=11111111011111110111111111111111, sa_flags=SA_RESTART|SA_SIGINFO
SIGFPE: [libjvm.dylib+0x45b030], sa_mask[0]=11111111011111110111111111111111, sa_flags=SA_RESTART|SA_SIGINFO
SIGPIPE: [libjvm.dylib+0x45b030], sa_mask[0]=11111111011111110111111111111111, sa_flags=SA_RESTART|SA_SIGINFO
SIGXFSZ: [libjvm.dylib+0x45b030], sa_mask[0]=11111111011111110111111111111111, sa_flags=SA_RESTART|SA_SIGINFO
SIGILL: [libjvm.dylib+0x45b030], sa_mask[0]=11111111011111110111111111111111, sa_flags=SA_RESTART|SA_SIGINFO
SIGUSR1: SIG_DFL, sa_mask[0]=00000000000000000000000000000000, sa_flags=none
SIGUSR2: [libjvm.dylib+0x45ab4e], sa_mask[0]=00100000000000000000000000000000, sa_flags=SA_RESTART|SA_SIGINFO
SIGHUP: [libjvm.dylib+0x459121], sa_mask[0]=11111111011111110111111111111111, sa_flags=SA_RESTART|SA_SIGINFO
SIGINT: [libjvm.dylib+0x459121], sa_mask[0]=11111111011111110111111111111111, sa_flags=SA_RESTART|SA_SIGINFO
SIGTERM: [libjvm.dylib+0x459121], sa_mask[0]=11111111011111110111111111111111, sa_flags=SA_RESTART|SA_SIGINFO
SIGQUIT: [libjvm.dylib+0x459121], sa_mask[0]=11111111011111110111111111111111, sa_flags=SA_RESTART|SA_SIGINFO


---------------  S Y S T E M  ---------------

OS:Bsduname:Darwin 16.1.0 Darwin Kernel Version 16.1.0: Thu Oct 13 21:26:57 PDT 2016; root:xnu-3789.21.3~60/RELEASE_X86_64 x86_64
rlimit: STACK 8192k, CORE 0k, NPROC 709, NOFILE 10240, AS infinity
load average:1.06 1.50 1.81

CPU:total 4 (2 cores per cpu, 2 threads per core) family 6 model 69 stepping 1, cmov, cx8, fxsr, mmx, sse, sse2, sse3, ssse3, sse4.1, sse4.2, popcnt, avx, avx2, aes, clmul, erms, lzcnt, ht, tsc, tscinvbit, bmi1, bmi2

Memory: 4k page, physical 8388608k(857724k free)

/proc/meminfo:


vm_info: Java HotSpot(TM) 64-Bit Server VM (25.25-b02) for bsd-amd64 JRE (1.8.0_25-b17), built on Sep 17 2014 16:56:50 by "java_re" with gcc 4.2.1 (Based on Apple Inc. build 5658) (LLVM build 2336.11.00)

time: Thu Dec  1 02:31:51 2016
elapsed time: 265 seconds (0d 0h 4m 25s)

